[2016-08-20 19:26:29] grav.NOTICE: Invalid slug set in YAML frontmatter: /main/_headline => _headline [] []
[2016-08-20 19:36:20] grav.NOTICE: Invalid slug set in YAML frontmatter: /main/_headline => _headline [] []
[2016-08-20 19:36:42] grav.NOTICE: Invalid slug set in YAML frontmatter: /main/_headline => _headline [] []
[2016-08-20 21:47:03] grav.NOTICE: Invalid slug set in YAML frontmatter: /main/_text => _text [] []
[2016-08-20 21:58:50] grav.NOTICE: Invalid slug set in YAML frontmatter: /main/_text => _text [] []
[2016-08-20 21:59:34] grav.NOTICE: Invalid slug set in YAML frontmatter: /main/_headline => _headline [] []
[2016-08-20 22:09:28] grav.NOTICE: Invalid slug set in YAML frontmatter: /main/_text => _text [] []
[2016-08-20 22:11:56] grav.NOTICE: Invalid slug set in YAML frontmatter: /main/_text => _text [] []
[2016-08-20 22:12:21] grav.NOTICE: Invalid slug set in YAML frontmatter: /main/_text => _text [] []
[2016-08-20 22:27:59] grav.NOTICE: Invalid slug set in YAML frontmatter: /main/_text => _text [] []
[2016-08-20 22:28:34] grav.NOTICE: Invalid slug set in YAML frontmatter: /main/_text => _text [] []
[2016-08-20 22:29:34] grav.NOTICE: Invalid slug set in YAML frontmatter: /main/_text => _text [] []
[2016-08-20 22:33:29] grav.NOTICE: Invalid slug set in YAML frontmatter: /main/_text => _text [] []
[2016-08-20 22:39:07] grav.NOTICE: Invalid slug set in YAML frontmatter: /main/_text => _text [] []
[2016-08-21 18:51:39] grav.NOTICE: Invalid slug set in YAML frontmatter: /main/_cards => _cards [] []
[2016-08-21 18:53:22] grav.NOTICE: Invalid slug set in YAML frontmatter: /main/_cards => _cards [] []
[2016-08-21 18:54:50] grav.NOTICE: Invalid slug set in YAML frontmatter: /main/_cards => _cards [] []
[2016-08-21 18:55:15] grav.NOTICE: Invalid slug set in YAML frontmatter: /main/_cards => _cards [] []
[2016-08-21 18:55:31] grav.NOTICE: Invalid slug set in YAML frontmatter: /main/_cards => _cards [] []
[2016-08-25 04:18:52] grav.NOTICE: Invalid slug set in YAML frontmatter: /main/_cards => _cards [] []
[2016-08-25 04:19:40] grav.NOTICE: Invalid slug set in YAML frontmatter: /main/_testimage => _testimage [] []
[2016-08-25 04:31:09] grav.NOTICE: Invalid slug set in YAML frontmatter: /main/_testimage => _testimage [] []
[2016-08-25 04:31:31] grav.NOTICE: Invalid slug set in YAML frontmatter: /main/_testimage => _testimage [] []
[2016-08-25 04:42:43] grav.NOTICE: Invalid slug set in YAML frontmatter: /main/_testblock => _testblock [] []
[2016-08-25 04:45:14] grav.NOTICE: Invalid slug set in YAML frontmatter: /main/_testblock => _testblock [] []
[2016-08-25 04:50:46] grav.NOTICE: Invalid slug set in YAML frontmatter: /main/_testblock => _testblock [] []
[2016-08-25 04:52:51] grav.NOTICE: Invalid slug set in YAML frontmatter: /main/_nope => _nope [] []
[2016-08-25 04:58:23] grav.NOTICE: Invalid slug set in YAML frontmatter: /main/_nope => _nope [] []
[2016-08-25 05:00:19] grav.NOTICE: Invalid slug set in YAML frontmatter: /main/_shit => _shit [] []
[2016-08-27 18:04:08] grav.NOTICE: Invalid slug set in YAML frontmatter: /main/_shit => _shit [] []
[2016-08-27 18:13:59] grav.NOTICE: Invalid slug set in YAML frontmatter: /main/_shit => _shit [] []
[2016-08-27 18:14:04] grav.NOTICE: Invalid slug set in YAML frontmatter: /main/_shit => _shit [] []
[2016-08-27 18:16:35] grav.NOTICE: Invalid slug set in YAML frontmatter: /main/_shit => _shit [] []
[2016-08-27 18:26:46] grav.NOTICE: Invalid slug set in YAML frontmatter: /main/_shit => _shit [] []
[2016-08-27 18:26:51] grav.NOTICE: Invalid slug set in YAML frontmatter: /main/_shit => _shit [] []
[2016-08-27 18:30:43] grav.NOTICE: Invalid slug set in YAML frontmatter: /main/_shit => _shit [] []
[2016-08-27 18:31:52] grav.NOTICE: Invalid slug set in YAML frontmatter: /main/_shit => _shit [] []
[2016-08-27 21:46:12] grav.NOTICE: Invalid slug set in YAML frontmatter: /main/_shit => _shit [] []
[2016-08-27 21:46:15] grav.NOTICE: Invalid slug set in YAML frontmatter: /main/_shit => _shit [] []
[2016-08-27 21:46:57] grav.NOTICE: Invalid slug set in YAML frontmatter: /main/_shit => _shit [] []
[2016-08-27 21:47:00] grav.NOTICE: Invalid slug set in YAML frontmatter: /main/_shit => _shit [] []
[2016-08-27 21:47:05] grav.NOTICE: Invalid slug set in YAML frontmatter: /main/_shit => _shit [] []
[2016-08-27 21:47:13] grav.NOTICE: Invalid slug set in YAML frontmatter: /main/_shit => _shit [] []
[2016-08-27 21:47:21] grav.NOTICE: Invalid slug set in YAML frontmatter: /main/_shit => _shit [] []
[2016-08-27 21:51:32] grav.NOTICE: Invalid slug set in YAML frontmatter: /main/_shit => _shit [] []
[2016-08-27 21:51:41] grav.NOTICE: Invalid slug set in YAML frontmatter: /main/_shit => _shit [] []
[2016-08-27 21:51:49] grav.NOTICE: Invalid slug set in YAML frontmatter: /main/_shit => _shit [] []
[2016-08-27 21:53:29] grav.NOTICE: Invalid slug set in YAML frontmatter: /main/_shit => _shit [] []
[2016-08-27 21:54:10] grav.NOTICE: Invalid slug set in YAML frontmatter: /main/_shit => _shit [] []
[2016-08-27 21:54:36] grav.NOTICE: Invalid slug set in YAML frontmatter: /main/_shit => _shit [] []
[2016-08-27 21:55:00] grav.NOTICE: Invalid slug set in YAML frontmatter: /main/_shit => _shit [] []
[2016-08-27 22:23:38] grav.NOTICE: Invalid slug set in YAML frontmatter: /main/_nope => _nope [] []
[2016-08-27 22:28:06] grav.NOTICE: Invalid slug set in YAML frontmatter: /main/_nope => _nope [] []
[2016-08-27 22:37:20] grav.NOTICE: Invalid slug set in YAML frontmatter: /main/_nope => _nope [] []
[2016-08-27 22:38:37] grav.NOTICE: Invalid slug set in YAML frontmatter: /main/_nope => _nope [] []
[2016-08-27 22:39:53] grav.NOTICE: Invalid slug set in YAML frontmatter: /main/_nope => _nope [] []
[2016-08-27 22:47:04] grav.NOTICE: Invalid slug set in YAML frontmatter: /main/_nope => _nope [] []
[2016-08-27 22:47:12] grav.NOTICE: Invalid slug set in YAML frontmatter: /main/_nope => _nope [] []
